<?xml version="1.0" encoding="UTF-8"?>
<!-- Generated by org.testng.reporters.JUnitReportReporter -->
<testsuite hostname="HP" failures="0" tests="1" name="MVNTest2.TwoTest" time="0.000" errors="0" timestamp="2023-04-02T00:04:15 IST" skipped="0">
  <testcase classname="MVNTest2.TwoTest" name="mTwo" time="0.000"/>
  <system-out/>
</testsuite> <!-- MVNTest2.TwoTest -->
